Línea 156: la clase A1AControles.A1AComboBox del control cmbEps no era una clase de control cargada.
Línea 167: la clase A1AControles.A1AComboBox del control cmbArp no era una clase de control cargada.
Línea 178: la clase A1AControles.A1AComboBox del control cmbAfp no era una clase de control cargada.
Línea 189: la clase A1AControles.A1AComboBox del control cmbPerfiles no era una clase de control cargada.
Línea 200: la clase A1AControles.A1ATextBox del control txtFechaNac no era una clase de control cargada.
Línea 418: la clase A1AControles.A1ATextBox del control txtFechaF no era una clase de control cargada.
Línea 431: la clase A1AControles.A1ATextBox del control txtFechaI no era una clase de control cargada.
Línea 444: la clase A1AControles.A1ATextBox del control txtExtension no era una clase de control cargada.
Línea 457: la clase A1AControles.A1ATextBox del control txtTelefono no era una clase de control cargada.
Línea 470: la clase A1AControles.A1AComboBox del control cmbDepartamentos no era una clase de control cargada.
Línea 481: la clase A1AControles.A1AComboBox del control cmbCompañias no era una clase de control cargada.
Línea 492: la clase A1AControles.A1ATextBox del control txtSexo no era una clase de control cargada.
Línea 505: la clase A1AControles.A1ATextBox del control txtNombre no era una clase de control cargada.
Línea 518: la clase A1AControles.A1ATextBox del control txtDoc1 no era una clase de control cargada.
Línea 559: la clase A1AControles.A1ATextBox del control txtConfirma no era una clase de control cargada.
Línea 572: la clase A1AControles.A1ATextBox del control txtContraseña no era una clase de control cargada.
Línea 585: la clase A1AControles.A1ATextBox del control txtUsuario no era una clase de control cargada.
Línea 698: la clase A1AControles.A1ATextBox del control txtApellidos no era una clase de control cargada.
Línea 711: la clase A1AControles.A1ATextBox del control txtRh no era una clase de control cargada.
Línea 724: la clase A1AControles.A1ATextBox del control txtOficina no era una clase de control cargada.
Línea 737: la clase A1AControles.A1ATextBox del control txtMovil no era una clase de control cargada.
Línea 750: la clase A1AControles.A1ATextBox del control txtEmail no era una clase de control cargada.
Línea 763: la clase A1AControles.A1AComboBox del control cmbCargos no era una clase de control cargada.
Línea 774: la clase A1AControles.A1AComboBox del control cmbHorarios no era una clase de control cargada.
Línea 785: la clase A1AControles.A1ATextBox del control txtTarjetaNum no era una clase de control cargada.
Línea 825: la clase A1AControles.A1ATextBox del control txtDocTitular no era una clase de control cargada.
Línea 839: la clase A1AControles.A1AComboBox del control cmbParentesco no era una clase de control cargada.
Línea 901: la clase A1AControles.A1ATextBox del control txtCódigo no era una clase de control cargada.
