Línea 458: la clase A1AControles.A1ATextBox del control txtFechaNace no era una clase de control cargada.
Línea 775: la clase A1AControles.A1AComboBox del control cmbTipoID no era una clase de control cargada.
Línea 786: la clase A1AControles.A1AComboBox del control cmbTratamiento no era una clase de control cargada.
Línea 859: la clase A1AControles.A1ATextBox del control txtExtension no era una clase de control cargada.
Línea 872: la clase A1AControles.A1ATextBox del control txtOficina no era una clase de control cargada.
Línea 885: la clase A1AControles.A1ATextBox del control txtUbicacion no era una clase de control cargada.
Línea 898: la clase A1AControles.A1ATextBox del control txtLocalizacion no era una clase de control cargada.
Línea 911: la clase A1AControles.A1ATextBox del control txtDepartamento no era una clase de control cargada.
Línea 924: la clase A1AControles.A1ATextBox del control txtCompañia no era una clase de control cargada.
Línea 937: la clase A1AControles.A1ATextBox del control txtEmpleado no era una clase de control cargada.
Línea 1042: la clase A1AControles.A1ATextBox del control txtChat no era una clase de control cargada.
Línea 1055: la clase A1AControles.A1ATextBox del control txtNombre no era una clase de control cargada.
Línea 1068: la clase A1AControles.A1ATextBox del control txtApellidos no era una clase de control cargada.
Línea 1081: la clase A1AControles.A1ATextBox del control txtOrganizacion no era una clase de control cargada.
Línea 1094: la clase A1AControles.A1ATextBox del control txtEmail no era una clase de control cargada.
Línea 1107: la clase A1AControles.A1ATextBox del control txtTelefono no era una clase de control cargada.
Línea 1190: la clase A1AControles.A1AComboBox del control cmbSexo no era una clase de control cargada.
Línea 1201: la clase A1AControles.A1AComboBox del control cmbRH no era una clase de control cargada.
Línea 1241: la clase A1AControles.A1ATextBox del control txtDoc1 no era una clase de control cargada.
Línea 1254: la clase A1AControles.A1ATextBox del control txtTarjetaNum no era una clase de control cargada.
